<?xml version="1.0" encoding="UTF-8"?>
<!-- Generated by org.testng.reporters.JUnitReportReporter -->
<testsuite hostname="LTIN283332" failures="0" tests="4" name="worldClock.TestRunner.loginTestRunner" time="135.759" errors="0" timestamp="2024-02-27T20:48:29 IST" skipped="0">
  <testcase classname="worldClock.TestRunner.loginTestRunner" name="runScenario" time="2.461"/>
  <testcase classname="worldClock.TestRunner.loginTestRunner" name="runScenario" time="77.492"/>
  <testcase classname="worldClock.TestRunner.loginTestRunner" name="runScenario" time="13.232"/>
  <testcase classname="worldClock.TestRunner.loginTestRunner" name="runScenario" time="42.574"/>
</testsuite> <!-- worldClock.TestRunner.loginTestRunner -->
